<?xml version="1.0" encoding="UTF-8"?>
<testng-results skipped="0" failed="0" total="1" passed="1">
  <reporter-output>
  </reporter-output>
  <suite name="Runners.Testy" duration-ms="19191" started-at="2017-09-05T16:44:38Z" finished-at="2017-09-05T16:44:57Z">
    <groups>
    </groups>
    <test name="Command line test" duration-ms="19191" started-at="2017-09-05T16:44:38Z" finished-at="2017-09-05T16:44:57Z">
      <class name="Runners.Testy">
        <test-method status="PASS" signature="beforeTest()[pri:0, instance:Runners.Testy@4909b8da]" name="beforeTest" is-config="true" duration-ms="6744" started-at="2017-09-05T18:44:38Z" finished-at="2017-09-05T18:44:45Z">
          <reporter-output>
          </reporter-output>
        </test-method> <!-- beforeTest -->
        <test-method status="PASS" signature="testEasy()[pri:0, instance:Runners.Testy@4909b8da]" name="testEasy" duration-ms="11867" started-at="2017-09-05T18:44:45Z" finished-at="2017-09-05T18:44:57Z">
          <reporter-output>
          </reporter-output>
        </test-method> <!-- testEasy -->
        <test-method status="PASS" signature="afterTest()[pri:0, instance:Runners.Testy@4909b8da]" name="afterTest" is-config="true" duration-ms="563" started-at="2017-09-05T18:44:57Z" finished-at="2017-09-05T18:44:57Z">
          <reporter-output>
          </reporter-output>
        </test-method> <!-- afterTest -->
      </class> <!-- Runners.Testy -->
    </test> <!-- Command line test -->
  </suite> <!-- Runners.Testy -->
</testng-results>
